<?xml version="1.0" encoding="UTF-8"?>
<testsuite name="com.dosdos.page.springboot.web.HelloControllerTest" tests="2" skipped="0" failures="0" errors="0" timestamp="2022-02-24T15:33:44" hostname="SungsikYangui-MacBookPro.local" time="0.229">
  <properties/>
  <testcase name="hello가_리턴된다" classname="com.dosdos.page.springboot.web.HelloControllerTest" time="0.17"/>
  <testcase name="helloDto가_리턴된다" classname="com.dosdos.page.springboot.web.HelloControllerTest" time="0.058"/>
  <system-out><![CDATA[00:33:42.514 [Test worker] DEBUG org.springframework.test.context.junit4.SpringJUnit4ClassRunner - SpringJUnit4ClassRunner constructor called with [class com.dosdos.page.springboot.web.HelloControllerTest]
00:33:42.519 [Test worker] DEBUG org.springframework.test.context.BootstrapUtils - Instantiating CacheAwareContextLoaderDelegate from class [org.springframework.test.context.cache.DefaultCacheAwareContextLoaderDelegate]
00:33:42.525 [Test worker] DEBUG org.springframework.test.context.BootstrapUtils - Instantiating BootstrapContext using constructor [public org.springframework.test.context.support.DefaultBootstrapContext(java.lang.Class,org.springframework.test.context.CacheAwareContextLoaderDelegate)]
00:33:42.539 [Test worker] DEBUG org.springframework.test.context.BootstrapUtils - Instantiating TestContextBootstrapper for test class [com.dosdos.page.springboot.web.HelloControllerTest] from class [org.springframework.boot.test.autoconfigure.web.servlet.WebMvcTestContextBootstrapper]
00:33:42.555 [Test worker] INFO org.springframework.boot.test.autoconfigure.web.servlet.WebMvcTestContextBootstrapper - Neither @ContextConfiguration nor @ContextHierarchy found for test class [com.dosdos.page.springboot.web.HelloControllerTest], using SpringBootContextLoader
00:33:42.557 [Test worker] DEBUG org.springframework.test.context.support.AbstractContextLoader - Did not detect default resource location for test class [com.dosdos.page.springboot.web.HelloControllerTest]: class path resource [com/dosdos/page/springboot/web/HelloControllerTest-context.xml] does not exist
00:33:42.557 [Test worker] DEBUG org.springframework.test.context.support.AbstractContextLoader - Did not detect default resource location for test class [com.dosdos.page.springboot.web.HelloControllerTest]: class path resource [com/dosdos/page/springboot/web/HelloControllerTestContext.groovy] does not exist
00:33:42.558 [Test worker] INFO org.springframework.test.context.support.AbstractContextLoader - Could not detect default resource locations for test class [com.dosdos.page.springboot.web.HelloControllerTest]: no resource found for suffixes {-context.xml, Context.groovy}.
00:33:42.558 [Test worker] INFO org.springframework.test.context.support.AnnotationConfigContextLoaderUtils - Could not detect default configuration classes for test class [com.dosdos.page.springboot.web.HelloControllerTest]: HelloControllerTest does not declare any static, non-private, non-final, nested classes annotated with @Configuration.
00:33:42.608 [Test worker] DEBUG org.springframework.test.context.support.ActiveProfilesUtils - Could not find an 'annotation declaring class' for annotation type [org.springframework.test.context.ActiveProfiles] and class [com.dosdos.page.springboot.web.HelloControllerTest]
00:33:42.662 [Test worker] DEBUG org.springframework.context.annotation.ClassPathScanningCandidateComponentProvider - Identified candidate component class: file [/Users/ssiky/IdeaProjects/springboot-aws-web-service/build/classes/java/main/com/dosdos/page/springboot/Application.class]
00:33:42.663 [Test worker] INFO org.springframework.boot.test.context.SpringBootTestContextBootstrapper - Found @SpringBootConfiguration com.dosdos.page.springboot.Application for test class com.dosdos.page.springboot.web.HelloControllerTest
00:33:42.664 [Test worker] DEBUG org.springframework.boot.test.autoconfigure.web.servlet.WebMvcTestContextBootstrapper - @TestExecutionListeners is not present for class [com.dosdos.page.springboot.web.HelloControllerTest]: using defaults.
00:33:42.664 [Test worker] INFO org.springframework.boot.test.autoconfigure.web.servlet.WebMvcTestContextBootstrapper - Loaded default TestExecutionListener class names from location [META-INF/spring.factories]: [org.springframework.security.test.context.support.WithSecurityContextTestExecutionListener, org.springframework.security.test.context.support.ReactorContextTestExecutionListener, org.springframework.boot.test.autoconfigure.restdocs.RestDocsTestExecutionListener, org.springframework.boot.test.autoconfigure.web.client.MockRestServiceServerResetTestExecutionListener, org.springframework.boot.test.autoconfigure.web.servlet.MockMvcPrintOnlyOnFailureTestExecutionListener, org.springframework.boot.test.autoconfigure.web.servlet.WebDriverTestExecutionListener, org.springframework.boot.test.mock.mockito.MockitoTestExecutionListener, org.springframework.boot.test.mock.mockito.ResetMocksTestExecutionListener, org.springframework.test.context.web.ServletTestExecutionListener, org.springframework.test.context.support.DirtiesContextBeforeModesTestExecutionListener, org.springframework.test.context.support.DependencyInjectionTestExecutionListener, org.springframework.test.context.support.DirtiesContextTestExecutionListener, org.springframework.test.context.transaction.TransactionalTestExecutionListener, org.springframework.test.context.jdbc.SqlScriptsTestExecutionListener]
00:33:42.677 [Test worker] INFO org.springframework.boot.test.autoconfigure.web.servlet.WebMvcTestContextBootstrapper - Using TestExecutionListeners: [org.springframework.test.context.web.ServletTestExecutionListener@58ffa0f0, org.springframework.test.context.support.DirtiesContextBeforeModesTestExecutionListener@f03b861, org.springframework.boot.test.mock.mockito.MockitoTestExecutionListener@1fb3b52, org.springframework.boot.test.autoconfigure.SpringBootDependencyInjectionTestExecutionListener@17cf5026, org.springframework.test.context.support.DirtiesContextTestExecutionListener@32928a0f, org.springframework.test.context.transaction.TransactionalTestExecutionListener@20c0ec8c, org.springframework.test.context.jdbc.SqlScriptsTestExecutionListener@7839626d, org.springframework.security.test.context.support.WithSecurityContextTestExecutionListener@151a532c, org.springframework.security.test.context.support.ReactorContextTestExecutionListener@33fe7172, org.springframework.boot.test.autoconfigure.restdocs.RestDocsTestExecutionListener@147d4f0d, org.springframework.boot.test.autoconfigure.web.client.MockRestServiceServerResetTestExecutionListener@27647de5, org.springframework.boot.test.autoconfigure.web.servlet.MockMvcPrintOnlyOnFailureTestExecutionListener@60a0d916, org.springframework.boot.test.autoconfigure.web.servlet.WebDriverTestExecutionListener@20955191, org.springframework.boot.test.mock.mockito.ResetMocksTestExecutionListener@5eee67a9]
00:33:42.679 [Test worker] DEBUG org.springframework.test.annotation.ProfileValueUtils - Retrieved @ProfileValueSourceConfiguration [null] for test class [com.dosdos.page.springboot.web.HelloControllerTest]
00:33:42.679 [Test worker] DEBUG org.springframework.test.annotation.ProfileValueUtils - Retrieved ProfileValueSource type [class org.springframework.test.annotation.SystemProfileValueSource] for class [com.dosdos.page.springboot.web.HelloControllerTest]
00:33:42.679 [Test worker] DEBUG org.springframework.test.annotation.ProfileValueUtils - Retrieved @ProfileValueSourceConfiguration [null] for test class [com.dosdos.page.springboot.web.HelloControllerTest]
00:33:42.679 [Test worker] DEBUG org.springframework.test.annotation.ProfileValueUtils - Retrieved ProfileValueSource type [class org.springframework.test.annotation.SystemProfileValueSource] for class [com.dosdos.page.springboot.web.HelloControllerTest]
00:33:42.683 [Test worker] DEBUG org.springframework.test.context.support.AbstractDirtiesContextTestExecutionListener - Before test class: context [DefaultTestContext@60b41895 testClass = HelloControllerTest, testInstance = [null], testMethod = [null], testException = [null], mergedContextConfiguration = [WebMergedContextConfiguration@695e0239 testClass = HelloControllerTest, locations = '{}', classes = '{class com.dosdos.page.springboot.Application}', contextInitializerClasses = '[]', activeProfiles = '{}', propertySourceLocations = '{}', propertySourceProperties = '{org.springframework.boot.test.autoconfigure.web.servlet.WebMvcTestContextBootstrapper=true}', contextCustomizers = set[org.springframework.boot.test.autoconfigure.OverrideAutoConfigurationContextCustomizerFactory$DisableAutoConfigurationContextCustomizer@19bbd313, org.springframework.boot.test.autoconfigure.filter.TypeExcludeFiltersContextCustomizer@3b798b30, org.springframework.boot.test.autoconfigure.properties.PropertyMappingContextCustomizer@b825b848, org.springframework.boot.test.autoconfigure.web.servlet.WebDriverContextCustomizerFactory$Customizer@1c4b54a8, [ImportsContextCustomizer@7ee50935 key = [org.springframework.boot.autoconfigure.cache.CacheAutoConfiguration, org.springframework.boot.autoconfigure.context.MessageSourceAutoConfiguration, org.springframework.boot.autoconfigure.data.web.SpringDataWebAutoConfiguration, org.springframework.boot.autoconfigure.freemarker.FreeMarkerAutoConfiguration, org.springframework.boot.autoconfigure.groovy.template.GroovyTemplateAutoConfiguration, org.springframework.boot.autoconfigure.gson.GsonAutoConfiguration, org.springframework.boot.autoconfigure.hateoas.HypermediaAutoConfiguration, org.springframework.boot.autoconfigure.http.HttpMessageConvertersAutoConfiguration, org.springframework.boot.autoconfigure.jackson.JacksonAutoConfiguration, org.springframework.boot.autoconfigure.jsonb.JsonbAutoConfiguration, org.springframework.boot.autoconfigure.mustache.MustacheAutoConfiguration, org.springframework.boot.autoconfigure.task.TaskExecutionAutoConfiguration, org.springframework.boot.autoconfigure.thymeleaf.ThymeleafAutoConfiguration, org.springframework.boot.autoconfigure.validation.ValidationAutoConfiguration, org.springframework.boot.autoconfigure.web.servlet.error.ErrorMvcAutoConfiguration, org.springframework.boot.autoconfigure.web.servlet.WebMvcAutoConfiguration, org.springframework.boot.test.autoconfigure.web.servlet.MockMvcAutoConfiguration, org.springframework.boot.test.autoconfigure.web.servlet.MockMvcSecurityAutoConfiguration, org.springframework.boot.test.autoconfigure.web.servlet.MockMvcWebClientAutoConfiguration, org.springframework.boot.test.autoconfigure.web.servlet.MockMvcWebDriverAutoConfiguration]], org.springframework.boot.test.context.filter.ExcludeFilterContextCustomizer@6290d23c, org.springframework.boot.test.json.DuplicateJsonObjectContextCustomizerFactory$DuplicateJsonObjectContextCustomizer@5b1151e5, org.springframework.boot.test.mock.mockito.MockitoContextCustomizer@0], resourceBasePath = 'src/main/webapp', contextLoader = 'org.springframework.boot.test.context.SpringBootContextLoader', parent = [null]], attributes = map[[empty]]], class annotated with @DirtiesContext [false] with mode [null].
00:33:42.683 [Test worker] DEBUG org.springframework.test.annotation.ProfileValueUtils - Retrieved @ProfileValueSourceConfiguration [null] for test class [com.dosdos.page.springboot.web.HelloControllerTest]
00:33:42.683 [Test worker] DEBUG org.springframework.test.annotation.ProfileValueUtils - Retrieved ProfileValueSource type [class org.springframework.test.annotation.SystemProfileValueSource] for class [com.dosdos.page.springboot.web.HelloControllerTest]
00:33:42.687 [Test worker] DEBUG org.springframework.test.context.support.DependencyInjectionTestExecutionListener - Performing dependency injection for test context [[DefaultTestContext@60b41895 testClass = HelloControllerTest, testInstance = com.dosdos.page.springboot.web.HelloControllerTest@bc9b438, testMethod = [null], testException = [null], mergedContextConfiguration = [WebMergedContextConfiguration@695e0239 testClass = HelloControllerTest, locations = '{}', classes = '{class com.dosdos.page.springboot.Application}', contextInitializerClasses = '[]', activeProfiles = '{}', propertySourceLocations = '{}', propertySourceProperties = '{org.springframework.boot.test.autoconfigure.web.servlet.WebMvcTestContextBootstrapper=true}', contextCustomizers = set[org.springframework.boot.test.autoconfigure.OverrideAutoConfigurationContextCustomizerFactory$DisableAutoConfigurationContextCustomizer@19bbd313, org.springframework.boot.test.autoconfigure.filter.TypeExcludeFiltersContextCustomizer@3b798b30, org.springframework.boot.test.autoconfigure.properties.PropertyMappingContextCustomizer@b825b848, org.springframework.boot.test.autoconfigure.web.servlet.WebDriverContextCustomizerFactory$Customizer@1c4b54a8, [ImportsContextCustomizer@7ee50935 key = [org.springframework.boot.autoconfigure.cache.CacheAutoConfiguration, org.springframework.boot.autoconfigure.context.MessageSourceAutoConfiguration, org.springframework.boot.autoconfigure.data.web.SpringDataWebAutoConfiguration, org.springframework.boot.autoconfigure.freemarker.FreeMarkerAutoConfiguration, org.springframework.boot.autoconfigure.groovy.template.GroovyTemplateAutoConfiguration, org.springframework.boot.autoconfigure.gson.GsonAutoConfiguration, org.springframework.boot.autoconfigure.hateoas.HypermediaAutoConfiguration, org.springframework.boot.autoconfigure.http.HttpMessageConvertersAutoConfiguration, org.springframework.boot.autoconfigure.jackson.JacksonAutoConfiguration, org.springframework.boot.autoconfigure.jsonb.JsonbAutoConfiguration, org.springframework.boot.autoconfigure.mustache.MustacheAutoConfiguration, org.springframework.boot.autoconfigure.task.TaskExecutionAutoConfiguration, org.springframework.boot.autoconfigure.thymeleaf.ThymeleafAutoConfiguration, org.springframework.boot.autoconfigure.validation.ValidationAutoConfiguration, org.springframework.boot.autoconfigure.web.servlet.error.ErrorMvcAutoConfiguration, org.springframework.boot.autoconfigure.web.servlet.WebMvcAutoConfiguration, org.springframework.boot.test.autoconfigure.web.servlet.MockMvcAutoConfiguration, org.springframework.boot.test.autoconfigure.web.servlet.MockMvcSecurityAutoConfiguration, org.springframework.boot.test.autoconfigure.web.servlet.MockMvcWebClientAutoConfiguration, org.springframework.boot.test.autoconfigure.web.servlet.MockMvcWebDriverAutoConfiguration]], org.springframework.boot.test.context.filter.ExcludeFilterContextCustomizer@6290d23c, org.springframework.boot.test.json.DuplicateJsonObjectContextCustomizerFactory$DuplicateJsonObjectContextCustomizer@5b1151e5, org.springframework.boot.test.mock.mockito.MockitoContextCustomizer@0], resourceBasePath = 'src/main/webapp', contextLoader = 'org.springframework.boot.test.context.SpringBootContextLoader', parent = [null]], attributes = map[[empty]]]].
00:33:42.765 [Test worker] DEBUG org.springframework.test.context.support.TestPropertySourceUtils - Adding inlined properties to environment: {spring.jmx.enabled=false, org.springframework.boot.test.autoconfigure.web.servlet.WebMvcTestContextBootstrapper=true, server.port=-1}

  .   ____          _            __ _ _
 /\\ / ___'_ __ _ _(_)_ __  __ _ \ \ \ \
( ( )\___ | '_ | '_| | '_ \/ _` | \ \ \ \
 \\/  ___)| |_)| | | | | || (_| |  ) ) ) )
  '  |____| .__|_| |_|_| |_\__, | / / / /
 =========|_|==============|___/=/_/_/_/
 :: Spring Boot ::        (v2.1.9.RELEASE)

2022-02-25 00:33:42.954  INFO 10817 --- [    Test worker] c.d.p.s.web.HelloControllerTest          : Starting HelloControllerTest on SungsikYangui-MacBookPro.local with PID 10817 (started by ssiky in /Users/ssiky/IdeaProjects/springboot-aws-web-service)
2022-02-25 00:33:42.956  INFO 10817 --- [    Test worker] c.d.p.s.web.HelloControllerTest          : No active profile set, falling back to default profiles: default
2022-02-25 00:33:43.829  INFO 10817 --- [    Test worker] o.s.s.concurrent.ThreadPoolTaskExecutor  : Initializing ExecutorService 'applicationTaskExecutor'
2022-02-25 00:33:43.895  INFO 10817 --- [    Test worker] o.s.b.a.w.s.WelcomePageHandlerMapping    : Adding welcome page template: index
2022-02-25 00:33:44.112  INFO 10817 --- [    Test worker] .s.s.UserDetailsServiceAutoConfiguration : 

Using generated security password: db78567d-5ada-4096-a2c4-1ab9e5741aaa

2022-02-25 00:33:44.277  INFO 10817 --- [    Test worker] o.s.s.web.DefaultSecurityFilterChain     : Creating filter chain: any request, [org.springframework.security.web.context.request.async.WebAsyncManagerIntegrationFilter@1e1a2f84, org.springframework.security.web.context.SecurityContextPersistenceFilter@70e9a88e, org.springframework.security.web.header.HeaderWriterFilter@38ff0060, org.springframework.security.web.csrf.CsrfFilter@2e3d132e, org.springframework.security.web.authentication.logout.LogoutFilter@75a3e386, org.springframework.security.web.authentication.UsernamePasswordAuthenticationFilter@482b46d2, org.springframework.security.web.authentication.ui.DefaultLoginPageGeneratingFilter@302a6496, org.springframework.security.web.authentication.ui.DefaultLogoutPageGeneratingFilter@148c1c9e, org.springframework.security.web.authentication.www.BasicAuthenticationFilter@29cdaadc, org.springframework.security.web.savedrequest.RequestCacheAwareFilter@4d55f778, org.springframework.security.web.servletapi.SecurityContextHolderAwareRequestFilter@98e9fc0, org.springframework.security.web.authentication.AnonymousAuthenticationFilter@5e86ab4b, org.springframework.security.web.session.SessionManagementFilter@4e782b5d, org.springframework.security.web.access.ExceptionTranslationFilter@3f7c562d, org.springframework.security.web.access.intercept.FilterSecurityInterceptor@154ad013]
2022-02-25 00:33:44.306  INFO 10817 --- [    Test worker] o.s.b.t.m.w.SpringBootMockServletContext : Initializing Spring TestDispatcherServlet ''
2022-02-25 00:33:44.306  INFO 10817 --- [    Test worker] o.s.t.web.servlet.TestDispatcherServlet  : Initializing Servlet ''
2022-02-25 00:33:44.316  INFO 10817 --- [    Test worker] o.s.t.web.servlet.TestDispatcherServlet  : Completed initialization in 10 ms
2022-02-25 00:33:44.347  INFO 10817 --- [    Test worker] c.d.p.s.web.HelloControllerTest          : Started HelloControllerTest in 1.576 seconds (JVM running for 2.286)
]]></system-out>
  <system-err><![CDATA[]]></system-err>
</testsuite>
