<?xml version="1.0" encoding="UTF-8"?>
<testsuite name="com.dosdos.page.springboot.web.dto.HelloResponseDtoTest" tests="1" skipped="0" failures="0" errors="0" timestamp="2022-02-24T15:33:44" hostname="SungsikYangui-MacBookPro.local" time="0.033">
  <properties/>
  <testcase name="롬복_기능_테스트" classname="com.dosdos.page.springboot.web.dto.HelloResponseDtoTest" time="0.033"/>
  <system-out><![CDATA[]]></system-out>
  <system-err><![CDATA[]]></system-err>
</testsuite>
